============================= test session starts ==============================
platform darwin -- Python 3.12.12, pytest-9.0.2, pluggy-1.6.0 -- /Users/mesa/CapstoneBots/backend/.venv/bin/python
cachedir: .pytest_cache
rootdir: /Users/mesa/CapstoneBots/backend
plugins: asyncio-1.3.0, anyio-3.7.1
asyncio: mode=Mode.STRICT, debug=False, asyncio_default_fixture_loop_scope=None, asyncio_default_test_loop_scope=function
collecting ... collected 321 items

tests/test_auth.py::test_register_and_login PASSED                       [  0%]
tests/test_auth.py::test_login_blocked_before_verification PASSED        [  0%]
tests/test_auth.py::test_verify_email_flow PASSED                        [  0%]
tests/test_auth.py::test_verify_email_invalid_token PASSED               [  1%]
tests/test_auth.py::test_me_endpoint PASSED                              [  1%]
tests/test_auth.py::test_refresh_token PASSED                            [  1%]
tests/test_auth.py::test_refresh_token_without_auth PASSED               [  2%]
tests/test_authorization.py::test_unauthenticated_returns_401[GET /api/projects] PASSED [  2%]
tests/test_authorization.py::test_unauthenticated_returns_401[POST /api/projects] PASSED [  2%]
tests/test_authorization.py::test_unauthenticated_returns_401[GET /api/projects/{pid}] PASSED [  3%]
tests/test_authorization.py::test_unauthenticated_returns_401[PUT /api/projects/{pid}] PASSED [  3%]
tests/test_authorization.py::test_unauthenticated_returns_401[DELETE /api/projects/{pid}] PASSED [  3%]
tests/test_authorization.py::test_unauthenticated_returns_401[GET /api/projects/{pid}/branches] PASSED [  4%]
tests/test_authorization.py::test_unauthenticated_returns_401[POST /api/projects/{pid}/branches] PASSED [  4%]
tests/test_authorization.py::test_unauthenticated_returns_401[GET /api/projects/{pid}/commits] PASSED [  4%]
tests/test_authorization.py::test_unauthenticated_returns_401[POST /api/projects/{pid}/commits] PASSED [  4%]
tests/test_authorization.py::test_unauthenticated_returns_401[GET /api/projects/{pid}/commits/{cid}/objects] PASSED [  5%]
tests/test_authorization.py::test_unauthenticated_returns_401[GET /api/projects/{pid}/locks] PASSED [  5%]
tests/test_authorization.py::test_unauthenticated_returns_401[POST /api/projects/{pid}/locks] PASSED [  5%]
tests/test_authorization.py::test_unauthenticated_returns_401[GET /api/projects/{pid}/conflicts] PASSED [  6%]
tests/test_authorization.py::test_unauthenticated_returns_401[GET /api/projects/{pid}/members] PASSED [  6%]
tests/test_authorization.py::test_unauthenticated_returns_401[POST /api/projects/{pid}/members] PASSED [  6%]
tests/test_authorization.py::test_unauthenticated_returns_401[GET /api/projects/{pid}/invitations] PASSED [  7%]
tests/test_authorization.py::test_unauthenticated_returns_401[POST /api/projects/{pid}/invitations] PASSED [  7%]
tests/test_authorization.py::test_nonmember_returns_403[GET /api/projects/{pid}] PASSED [  7%]
tests/test_authorization.py::test_nonmember_returns_403[PUT /api/projects/{pid}] PASSED [  8%]
tests/test_authorization.py::test_nonmember_returns_403[DELETE /api/projects/{pid}] PASSED [  8%]
tests/test_authorization.py::test_nonmember_returns_403[GET /api/projects/{pid}/branches] PASSED [  8%]
tests/test_authorization.py::test_nonmember_returns_403[POST /api/projects/{pid}/branches] PASSED [  9%]
tests/test_authorization.py::test_nonmember_returns_403[GET /api/projects/{pid}/commits] PASSED [  9%]
tests/test_authorization.py::test_nonmember_returns_403[POST /api/projects/{pid}/commits] PASSED [  9%]
tests/test_authorization.py::test_nonmember_returns_403[GET /api/projects/{pid}/commits/{cid}/objects] PASSED [  9%]
tests/test_authorization.py::test_nonmember_returns_403[GET /api/projects/{pid}/locks] PASSED [ 10%]
tests/test_authorization.py::test_nonmember_returns_403[POST /api/projects/{pid}/locks] PASSED [ 10%]
tests/test_authorization.py::test_nonmember_returns_403[GET /api/projects/{pid}/conflicts] PASSED [ 10%]
tests/test_authorization.py::test_nonmember_returns_403[GET /api/projects/{pid}/members] PASSED [ 11%]
tests/test_authorization.py::test_nonmember_returns_403[POST /api/projects/{pid}/members] PASSED [ 11%]
tests/test_authorization.py::test_nonmember_returns_403[GET /api/projects/{pid}/invitations] PASSED [ 11%]
tests/test_authorization.py::test_nonmember_returns_403[POST /api/projects/{pid}/invitations] PASSED [ 12%]
tests/test_authorization.py::TestViewerForbidden::test_viewer_cannot_create_branch PASSED [ 12%]
tests/test_authorization.py::TestViewerForbidden::test_viewer_cannot_create_commit PASSED [ 12%]
tests/test_authorization.py::TestViewerForbidden::test_viewer_cannot_lock_object PASSED [ 13%]
tests/test_authorization.py::TestViewerForbidden::test_viewer_cannot_resolve_conflict PASSED [ 13%]
tests/test_authorization.py::TestViewerForbidden::test_viewer_cannot_send_invitation PASSED [ 13%]
tests/test_authorization.py::TestViewerForbidden::test_viewer_cannot_view_invitations PASSED [ 14%]
tests/test_authorization.py::TestViewerForbidden::test_viewer_cannot_add_member PASSED [ 14%]
tests/test_authorization.py::TestViewerForbidden::test_viewer_cannot_update_project PASSED [ 14%]
tests/test_authorization.py::TestViewerForbidden::test_viewer_cannot_delete_project PASSED [ 14%]
tests/test_authorization.py::TestViewerForbidden::test_viewer_cannot_update_member_role PASSED [ 15%]
tests/test_authorization.py::TestViewerForbidden::test_viewer_cannot_remove_member PASSED [ 15%]
tests/test_authorization.py::TestViewerAllowed::test_viewer_can_get_project PASSED [ 15%]
tests/test_authorization.py::TestViewerAllowed::test_viewer_can_list_branches PASSED [ 16%]
tests/test_authorization.py::TestViewerAllowed::test_viewer_can_list_commits PASSED [ 16%]
tests/test_authorization.py::TestViewerAllowed::test_viewer_can_get_commit_objects PASSED [ 16%]
tests/test_authorization.py::TestViewerAllowed::test_viewer_can_list_locks PASSED [ 17%]
tests/test_authorization.py::TestViewerAllowed::test_viewer_can_list_conflicts PASSED [ 17%]
tests/test_authorization.py::TestViewerAllowed::test_viewer_can_list_members PASSED [ 17%]
tests/test_authorization.py::TestEditorAllowed::test_editor_can_create_branch PASSED [ 18%]
tests/test_authorization.py::TestEditorAllowed::test_editor_can_create_commit PASSED [ 18%]
tests/test_authorization.py::TestEditorAllowed::test_editor_can_lock_object PASSED [ 18%]
tests/test_authorization.py::TestEditorForbidden::test_editor_cannot_update_project PASSED [ 19%]
tests/test_authorization.py::TestEditorForbidden::test_editor_cannot_delete_project PASSED [ 19%]
tests/test_authorization.py::TestEditorForbidden::test_editor_cannot_update_member_role PASSED [ 19%]
tests/test_authorization.py::TestEditorForbidden::test_editor_cannot_remove_member PASSED [ 19%]
tests/test_authorization.py::TestOwnerAllowed::test_owner_can_get_project PASSED [ 20%]
tests/test_authorization.py::TestOwnerAllowed::test_owner_can_update_project PASSED [ 20%]
tests/test_authorization.py::TestOwnerAllowed::test_owner_can_create_branch PASSED [ 20%]
tests/test_authorization.py::TestOwnerAllowed::test_owner_can_create_commit PASSED [ 21%]
tests/test_authorization.py::TestOwnerAllowed::test_owner_can_list_invitations PASSED [ 21%]
tests/test_authorization.py::TestLockRelease::test_viewer_cannot_release_lock PASSED [ 21%]
tests/test_authorization.py::TestLockRelease::test_other_editor_cannot_release_lock PASSED [ 22%]
tests/test_authorization.py::TestLockRelease::test_lock_holder_can_release_own_lock PASSED [ 22%]
tests/test_authorization.py::TestLockRelease::test_owner_can_release_any_lock PASSED [ 22%]
tests/test_authorization.py::TestLockRelease::test_nonmember_cannot_release_lock PASSED [ 23%]
tests/test_authorization.py::test_access_matrix[GET /{pid} as nonmember] PASSED [ 23%]
tests/test_authorization.py::test_access_matrix[GET /{pid} as viewer] PASSED [ 23%]
tests/test_authorization.py::test_access_matrix[GET /{pid} as editor] PASSED [ 23%]
tests/test_authorization.py::test_access_matrix[GET /{pid} as owner] PASSED [ 24%]
tests/test_authorization.py::test_access_matrix[GET /{pid}/branches as nonmember] PASSED [ 24%]
tests/test_authorization.py::test_access_matrix[GET /{pid}/branches as viewer] PASSED [ 24%]
tests/test_authorization.py::test_access_matrix[GET /{pid}/branches as editor] PASSED [ 25%]
tests/test_authorization.py::test_access_matrix[GET /{pid}/branches as owner] PASSED [ 25%]
tests/test_authorization.py::test_access_matrix[GET /{pid}/commits as nonmember] PASSED [ 25%]
tests/test_authorization.py::test_access_matrix[GET /{pid}/commits as viewer] PASSED [ 26%]
tests/test_authorization.py::test_access_matrix[GET /{pid}/commits as editor] PASSED [ 26%]
tests/test_authorization.py::test_access_matrix[GET /{pid}/commits as owner] PASSED [ 26%]
tests/test_authorization.py::test_access_matrix[GET /{pid}/commits/{cid}/objects as nonmember] PASSED [ 27%]
tests/test_authorization.py::test_access_matrix[GET /{pid}/commits/{cid}/objects as viewer] PASSED [ 27%]
tests/test_authorization.py::test_access_matrix[GET /{pid}/commits/{cid}/objects as editor] PASSED [ 27%]
tests/test_authorization.py::test_access_matrix[GET /{pid}/commits/{cid}/objects as owner] PASSED [ 28%]
tests/test_authorization.py::test_access_matrix[GET /{pid}/locks as nonmember] PASSED [ 28%]
tests/test_authorization.py::test_access_matrix[GET /{pid}/locks as viewer] PASSED [ 28%]
tests/test_authorization.py::test_access_matrix[GET /{pid}/locks as editor] PASSED [ 28%]
tests/test_authorization.py::test_access_matrix[GET /{pid}/locks as owner] PASSED [ 29%]
tests/test_authorization.py::test_access_matrix[GET /{pid}/conflicts as nonmember] PASSED [ 29%]
tests/test_authorization.py::test_access_matrix[GET /{pid}/conflicts as viewer] PASSED [ 29%]
tests/test_authorization.py::test_access_matrix[GET /{pid}/conflicts as editor] PASSED [ 30%]
tests/test_authorization.py::test_access_matrix[GET /{pid}/conflicts as owner] PASSED [ 30%]
tests/test_authorization.py::test_access_matrix[GET /{pid}/members as nonmember] PASSED [ 30%]
tests/test_authorization.py::test_access_matrix[GET /{pid}/members as viewer] PASSED [ 31%]
tests/test_authorization.py::test_access_matrix[GET /{pid}/members as editor] PASSED [ 31%]
tests/test_authorization.py::test_access_matrix[GET /{pid}/members as owner] PASSED [ 31%]
tests/test_authorization.py::test_access_matrix[POST /{pid}/branches as nonmember] PASSED [ 32%]
tests/test_authorization.py::test_access_matrix[POST /{pid}/branches as viewer] PASSED [ 32%]
tests/test_authorization.py::test_access_matrix[POST /{pid}/branches as editor] PASSED [ 32%]
tests/test_authorization.py::test_access_matrix[POST /{pid}/branches as owner] PASSED [ 33%]
tests/test_authorization.py::test_access_matrix[PUT /{pid} as nonmember] PASSED [ 33%]
tests/test_authorization.py::test_access_matrix[PUT /{pid} as viewer] PASSED [ 33%]
tests/test_authorization.py::test_access_matrix[PUT /{pid} as editor] PASSED [ 33%]
tests/test_authorization.py::test_access_matrix[PUT /{pid} as owner] PASSED [ 34%]
tests/test_behavior_api.py::TestHealthCheck::test_health_returns_ok PASSED [ 34%]
tests/test_behavior_api.py::TestRegistration::test_register_returns_user_id_and_email PASSED [ 34%]
tests/test_behavior_api.py::TestRegistration::test_duplicate_email_rejected PASSED [ 35%]
tests/test_behavior_api.py::TestRegistration::test_duplicate_username_rejected PASSED [ 35%]
tests/test_behavior_api.py::TestLoginBehavior::test_successful_login PASSED [ 35%]
tests/test_behavior_api.py::TestLoginBehavior::test_wrong_password_rejected PASSED [ 36%]
tests/test_behavior_api.py::TestLoginBehavior::test_nonexistent_user_rejected PASSED [ 36%]
tests/test_behavior_api.py::TestLoginBehavior::test_login_blocked_before_verification PASSED [ 36%]
tests/test_behavior_api.py::TestProtectedRoutes::test_projects_require_auth PASSED [ 37%]
tests/test_behavior_api.py::TestProtectedRoutes::test_me_requires_auth PASSED [ 37%]
tests/test_behavior_api.py::TestProtectedRoutes::test_me_with_valid_token PASSED [ 37%]
tests/test_behavior_api.py::TestProtectedRoutes::test_me_with_invalid_token PASSED [ 38%]
tests/test_behavior_api.py::TestProjectCRUD::test_create_project PASSED  [ 38%]
tests/test_behavior_api.py::TestProjectCRUD::test_list_projects PASSED   [ 38%]
tests/test_behavior_api.py::TestProjectCRUD::test_create_project_empty_name_rejected PASSED [ 38%]
tests/test_behavior_api.py::TestProjectCRUD::test_get_nonexistent_project PASSED [ 39%]
tests/test_behavior_api.py::TestProjectCRUD::test_delete_project PASSED  [ 39%]
tests/test_behavior_api.py::TestEmailVerification::test_verify_email_enables_login PASSED [ 39%]
tests/test_behavior_api.py::TestEmailVerification::test_double_verification_says_already_verified PASSED [ 40%]
tests/test_behavior_api.py::TestEmailVerification::test_verify_invalid_token_rejected PASSED [ 40%]
tests/test_behavior_api.py::TestAccountDeletion::test_delete_account_then_login_fails PASSED [ 40%]
tests/test_behavior_api.py::TestAccountDeletion::test_delete_account_wrong_password PASSED [ 41%]
tests/test_behavior_api.py::TestAccountDeletion::test_delete_account_no_auth PASSED [ 41%]
tests/test_behavior_invitation_lifecycle.py::TestInvitationLifecycle::test_declined_invitation_cannot_be_accepted_later PASSED [ 41%]
tests/test_behavior_invitation_lifecycle.py::TestInvitationLifecycle::test_cancelled_invitation_is_not_actionable PASSED [ 42%]
tests/test_behavior_invitation_lifecycle.py::TestInvitationLifecycle::test_accepted_invitation_disappears_from_pending_list PASSED [ 42%]
tests/test_behavior_projects_auth.py::test_get_projects_requires_auth PASSED [ 42%]
tests/test_delete_account.py::test_delete_account_success PASSED         [ 42%]
tests/test_delete_account.py::test_delete_account_wrong_password PASSED  [ 43%]
tests/test_delete_account.py::test_delete_account_no_auth PASSED         [ 43%]
tests/test_delete_account.py::test_deleted_user_cannot_access_me PASSED  [ 43%]
tests/test_projects.py::TestProjectCRUD::test_create_project_returns_correct_fields PASSED [ 44%]
tests/test_projects.py::TestProjectCRUD::test_create_project_auto_creates_main_branch PASSED [ 44%]
tests/test_projects.py::TestProjectCRUD::test_create_project_adds_owner_as_member PASSED [ 44%]
tests/test_projects.py::TestProjectCRUD::test_get_project_by_id PASSED   [ 45%]
tests/test_projects.py::TestProjectCRUD::test_get_nonexistent_project_returns_404 PASSED [ 45%]
tests/test_projects.py::TestProjectCRUD::test_update_project_name PASSED [ 45%]
tests/test_projects.py::TestProjectCRUD::test_update_project_partial_fields PASSED [ 46%]
tests/test_projects.py::TestProjectCRUD::test_delete_project PASSED      [ 46%]
tests/test_projects.py::TestProjectCRUD::test_list_projects_returns_owned_and_member_projects PASSED [ 46%]
tests/test_projects.py::TestBranches::test_create_branch PASSED          [ 47%]
tests/test_projects.py::TestBranches::test_create_branch_empty_name_rejected PASSED [ 47%]
tests/test_projects.py::TestBranches::test_create_branch_with_slash_rejected PASSED [ 47%]
tests/test_projects.py::TestBranches::test_create_branch_too_long_rejected PASSED [ 47%]
tests/test_projects.py::TestBranches::test_list_branches_includes_main PASSED [ 48%]
tests/test_projects.py::TestBranches::test_create_branch_with_parent PASSED [ 48%]
tests/test_projects.py::TestCommits::test_create_commit_returns_correct_fields PASSED [ 48%]
tests/test_projects.py::TestCommits::test_commit_no_objects_rejected PASSED [ 49%]
tests/test_projects.py::TestCommits::test_commit_wrong_branch_rejected PASSED [ 49%]
tests/test_projects.py::TestCommits::test_commit_history_ordered_newest_first PASSED [ 49%]
tests/test_projects.py::TestCommits::test_commit_history_nonexistent_branch_returns_empty PASSED [ 50%]
tests/test_projects.py::TestCommits::test_commit_chain_parent_ids PASSED [ 50%]
tests/test_projects.py::TestCommits::test_get_commit_objects PASSED      [ 50%]
tests/test_projects.py::TestCommits::test_commit_updates_branch_head PASSED [ 51%]
tests/test_projects.py::TestInvitationFlow::test_send_invitation PASSED  [ 51%]
tests/test_projects.py::TestInvitationFlow::test_accept_invitation_creates_membership PASSED [ 51%]
tests/test_projects.py::TestInvitationFlow::test_decline_invitation PASSED [ 52%]
tests/test_projects.py::TestInvitationFlow::test_cancel_invitation PASSED [ 52%]
tests/test_projects.py::TestInvitationFlow::test_cannot_invite_yourself PASSED [ 52%]
tests/test_projects.py::TestInvitationFlow::test_cannot_invite_existing_member PASSED [ 52%]
tests/test_projects.py::TestInvitationFlow::test_duplicate_pending_invitation_rejected PASSED [ 53%]
tests/test_projects.py::TestInvitationFlow::test_invite_nonexistent_user_rejected PASSED [ 53%]
tests/test_projects.py::TestInvitationFlow::test_invite_by_username PASSED [ 53%]
tests/test_projects.py::TestInvitationFlow::test_invite_with_invalid_role_rejected PASSED [ 54%]
tests/test_projects.py::TestInvitationFlow::test_editor_cannot_invite_as_owner PASSED [ 54%]
tests/test_projects.py::TestInvitationFlow::test_pending_invitations_listed_for_invitee PASSED [ 54%]
tests/test_projects.py::TestInvitationFlow::test_accept_invitation_by_wrong_user_rejected PASSED [ 55%]
tests/test_projects.py::TestMemberManagement::test_list_members_includes_owner PASSED [ 55%]
tests/test_projects.py::TestMemberManagement::test_update_member_role PASSED [ 55%]
tests/test_projects.py::TestMemberManagement::test_owner_cannot_change_own_role PASSED [ 56%]
tests/test_projects.py::TestMemberManagement::test_remove_member PASSED  [ 56%]
tests/test_projects.py::TestMemberManagement::test_cannot_remove_owner PASSED [ 56%]
tests/test_projects.py::TestMemberManagement::test_update_role_invalid_value_rejected PASSED [ 57%]
tests/test_projects.py::TestMemberManagement::test_remove_nonexistent_member_returns_404 PASSED [ 57%]
tests/test_projects.py::TestObjectLocking::test_lock_and_list PASSED     [ 57%]
tests/test_projects.py::TestObjectLocking::test_duplicate_lock_rejected PASSED [ 57%]
tests/test_projects.py::TestObjectLocking::test_unlock_removes_lock PASSED [ 58%]
tests/test_projects.py::TestObjectLocking::test_commit_blocked_by_other_users_lock PASSED [ 58%]
tests/test_projects.py::TestObjectLocking::test_lock_holder_can_commit_locked_object PASSED [ 58%]
tests/test_projects.py::TestObjectLocking::test_unlock_nonexistent_returns_404 PASSED [ 59%]
tests/test_projects.py::TestConflicts::test_empty_conflicts_list PASSED  [ 59%]
tests/test_projects.py::TestConflicts::test_resolve_nonexistent_conflict_returns_404 PASSED [ 59%]
tests/test_projects.py::TestEdgeCases::test_removed_member_loses_access PASSED [ 60%]
tests/test_projects.py::TestEdgeCases::test_deleted_project_inaccessible PASSED [ 60%]
tests/test_unit_auth.py::TestPasswordHashing::test_hash_and_verify_basic PASSED [ 60%]
tests/test_unit_auth.py::TestPasswordHashing::test_verify_wrong_password_fails PASSED [ 61%]
tests/test_unit_auth.py::TestPasswordHashing::test_hash_is_unique_per_call PASSED [ 61%]
tests/test_unit_auth.py::TestPasswordHashing::test_long_password_handled PASSED [ 61%]
tests/test_unit_auth.py::TestPasswordHashing::test_password_too_short_raises PASSED [ 61%]
tests/test_unit_auth.py::TestPasswordHashing::test_empty_password_raises PASSED [ 62%]
tests/test_unit_auth.py::TestPasswordHashing::test_verify_password_with_invalid_hash_returns_false PASSED [ 62%]
tests/test_unit_auth.py::TestPasswordHashing::test_unicode_password PASSED [ 62%]
tests/test_unit_auth.py::TestPasswordHashing::test_prehash_returns_bytes PASSED [ 63%]
tests/test_unit_auth.py::TestAccessToken::test_create_and_decode PASSED  [ 63%]
tests/test_unit_auth.py::TestAccessToken::test_token_contains_standard_claims PASSED [ 63%]
tests/test_unit_auth.py::TestAccessToken::test_custom_expiry PASSED      [ 64%]
tests/test_unit_auth.py::TestAccessToken::test_missing_sub_raises PASSED [ 64%]
tests/test_unit_auth.py::TestAccessToken::test_none_data_raises PASSED   [ 64%]
tests/test_unit_auth.py::TestAccessToken::test_empty_dict_raises PASSED  [ 65%]
tests/test_unit_auth.py::TestAccessToken::test_decode_garbage_token_raises PASSED [ 65%]
tests/test_unit_auth.py::TestAccessToken::test_decode_expired_token_raises PASSED [ 65%]
tests/test_unit_auth.py::TestAccessToken::test_decode_tampered_token_raises PASSED [ 66%]
tests/test_unit_auth.py::TestAccessToken::test_extra_claims_preserved PASSED [ 66%]
tests/test_unit_auth.py::TestPasswordResetToken::test_create_and_decode PASSED [ 66%]
tests/test_unit_auth.py::TestPasswordResetToken::test_wrong_purpose_rejected PASSED [ 66%]
tests/test_unit_auth.py::TestPasswordResetToken::test_email_verification_token_rejected_as_reset PASSED [ 67%]
tests/test_unit_auth.py::TestPasswordResetToken::test_garbage_token_raises PASSED [ 67%]
tests/test_unit_auth.py::TestEmailVerificationToken::test_create_and_decode PASSED [ 67%]
tests/test_unit_auth.py::TestEmailVerificationToken::test_wrong_purpose_rejected PASSED [ 68%]
tests/test_unit_auth.py::TestEmailVerificationToken::test_access_token_rejected PASSED [ 68%]
tests/test_unit_auth.py::TestEmailVerificationToken::test_garbage_token_raises PASSED [ 68%]
tests/test_unit_models.py::TestRoleHierarchy::test_role_values PASSED    [ 69%]
tests/test_unit_models.py::TestRoleHierarchy::test_hierarchy_ordering PASSED [ 69%]
tests/test_unit_models.py::TestRoleHierarchy::test_role_at_least_viewer_meets_viewer PASSED [ 69%]
tests/test_unit_models.py::TestRoleHierarchy::test_role_at_least_editor_meets_viewer PASSED [ 70%]
tests/test_unit_models.py::TestRoleHierarchy::test_role_at_least_owner_meets_editor PASSED [ 70%]
tests/test_unit_models.py::TestRoleHierarchy::test_role_at_least_owner_meets_owner PASSED [ 70%]
tests/test_unit_models.py::TestRoleHierarchy::test_role_at_least_viewer_does_not_meet_editor PASSED [ 71%]
tests/test_unit_models.py::TestRoleHierarchy::test_role_at_least_viewer_does_not_meet_owner PASSED [ 71%]
tests/test_unit_models.py::TestRoleHierarchy::test_role_at_least_editor_does_not_meet_owner PASSED [ 71%]
tests/test_unit_models.py::TestInvitationStatus::test_status_values PASSED [ 71%]
tests/test_unit_models.py::TestInvitationStatus::test_all_statuses_present PASSED [ 72%]
tests/test_unit_models.py::TestInviteExpiry::test_default_expiry_days PASSED [ 72%]
tests/test_unit_models.py::TestMemberRoleFromString::test_valid_role_from_string PASSED [ 72%]
tests/test_unit_models.py::TestMemberRoleFromString::test_invalid_role_from_string_raises PASSED [ 73%]
tests/test_unit_models.py::TestMemberRoleFromString::test_invalid_role_empty_string_raises PASSED [ 73%]
tests/test_unit_project_utils.py::test_delete_project_data_executes_expected_sql_and_pid FAILED [ 73%]
tests/test_unit_project_utils.py::test_delete_project_data_propagates_cleanup_failure PASSED [ 74%]
tests/test_unit_project_utils.py::test_delete_project_data_does_not_commit_or_rollback PASSED [ 74%]
tests/test_unit_schemas.py::test_project_create_defaults PASSED          [ 74%]
tests/test_unit_schemas.py::test_commit_create_request_requires_objects FAILED [ 75%]
tests/test_unit_schemas.py::test_blender_object_create_minimum_fields PASSED [ 75%]
tests/test_unit_schemas_extended.py::TestUserCreateSchema::test_valid_user PASSED [ 75%]
tests/test_unit_schemas_extended.py::TestUserCreateSchema::test_invalid_email_rejected PASSED [ 76%]
tests/test_unit_schemas_extended.py::TestUserCreateSchema::test_missing_password_rejected PASSED [ 76%]
tests/test_unit_schemas_extended.py::TestUserCreateSchema::test_empty_username PASSED [ 76%]
tests/test_unit_schemas_extended.py::TestUserLoginSchema::test_valid_login PASSED [ 76%]
tests/test_unit_schemas_extended.py::TestUserLoginSchema::test_invalid_email PASSED [ 77%]
tests/test_unit_schemas_extended.py::TestTokenSchema::test_valid_token PASSED [ 77%]
tests/test_unit_schemas_extended.py::TestProjectCreateSchema::test_defaults PASSED [ 77%]
tests/test_unit_schemas_extended.py::TestProjectCreateSchema::test_with_description PASSED [ 78%]
tests/test_unit_schemas_extended.py::TestProjectCreateSchema::test_missing_name_rejected PASSED [ 78%]
tests/test_unit_schemas_extended.py::TestProjectCreateSchema::test_empty_name PASSED [ 78%]
tests/test_unit_schemas_extended.py::TestProjectCreateSchema::test_very_long_name PASSED [ 79%]
tests/test_unit_schemas_extended.py::TestProjectUpdateSchema::test_all_none PASSED [ 79%]
tests/test_unit_schemas_extended.py::TestProjectUpdateSchema::test_partial_update PASSED [ 79%]
tests/test_unit_schemas_extended.py::TestBranchCreateSchema::test_valid_branch PASSED [ 80%]
tests/test_unit_schemas_extended.py::TestBranchCreateSchema::test_with_parent PASSED [ 80%]
tests/test_unit_schemas_extended.py::TestBranchCreateSchema::test_missing_name_rejected PASSED [ 80%]
tests/test_unit_schemas_extended.py::TestCommitCreateRequestSchema::test_empty_objects_list PASSED [ 80%]
tests/test_unit_schemas_extended.py::TestCommitCreateRequestSchema::test_with_objects PASSED [ 81%]
tests/test_unit_schemas_extended.py::TestCommitCreateRequestSchema::test_missing_branch_id_rejected PASSED [ 81%]
tests/test_unit_schemas_extended.py::TestCommitCreateRequestSchema::test_missing_message_rejected PASSED [ 81%]
tests/test_unit_schemas_extended.py::TestBlenderObjectCreateSchema::test_minimal PASSED [ 82%]
tests/test_unit_schemas_extended.py::TestBlenderObjectCreateSchema::test_with_optional_fields PASSED [ 82%]
tests/test_unit_schemas_extended.py::TestBlenderObjectCreateSchema::test_missing_blob_hash_rejected PASSED [ 82%]
tests/test_unit_schemas_extended.py::TestDeleteAccountRequestSchema::test_valid PASSED [ 83%]
tests/test_unit_schemas_extended.py::TestDeleteAccountRequestSchema::test_missing_password_rejected PASSED [ 83%]
tests/test_unit_schemas_extended.py::TestForgotPasswordRequestSchema::test_valid PASSED [ 83%]
tests/test_unit_schemas_extended.py::TestForgotPasswordRequestSchema::test_invalid_email PASSED [ 84%]
tests/test_unit_schemas_extended.py::TestResetPasswordRequestSchema::test_valid PASSED [ 84%]
tests/test_unit_schemas_extended.py::TestVerifyEmailRequestSchema::test_valid PASSED [ 84%]
tests/test_unit_schemas_extended.py::TestResendVerificationRequestSchema::test_valid PASSED [ 85%]
tests/test_unit_schemas_extended.py::TestObjectLockCreateSchema::test_valid PASSED [ 85%]
tests/test_unit_schemas_extended.py::TestStorageObjectInfoSchema::test_valid PASSED [ 85%]
tests/test_unit_schemas_extended.py::TestStorageObjectInfoSchema::test_zero_size PASSED [ 85%]
tests/test_unit_schemas_extended.py::TestProjectStorageStatsSchema::test_valid PASSED [ 86%]
tests/test_unit_schemas_extended.py::TestProjectStorageStatsSchema::test_zero_storage PASSED [ 86%]
tests/test_unit_storage_utils.py::TestContentHashEdgeCases::test_empty_dict PASSED [ 86%]
tests/test_unit_storage_utils.py::TestContentHashEdgeCases::test_empty_bytes PASSED [ 87%]
tests/test_unit_storage_utils.py::TestContentHashEdgeCases::test_dict_key_order_irrelevant PASSED [ 87%]
tests/test_unit_storage_utils.py::TestContentHashEdgeCases::test_different_content_different_hash PASSED [ 87%]
tests/test_unit_storage_utils.py::TestContentHashEdgeCases::test_nested_dict PASSED [ 88%]
tests/test_unit_storage_utils.py::TestContentHashEdgeCases::test_single_byte PASSED [ 88%]
tests/test_unit_storage_utils.py::TestCommitHash::test_same_inputs_same_hash PASSED [ 88%]
tests/test_unit_storage_utils.py::TestCommitHash::test_different_message_different_hash PASSED [ 89%]
tests/test_unit_storage_utils.py::TestCommitHash::test_empty_message PASSED [ 89%]
tests/test_unit_storage_utils.py::TestCommitHash::test_empty_all_fields PASSED [ 89%]
tests/test_unit_storage_utils.py::TestObjectTypeValidation::test_all_valid_types PASSED [ 90%]
tests/test_unit_storage_utils.py::TestObjectTypeValidation::test_case_insensitive PASSED [ 90%]
tests/test_unit_storage_utils.py::TestObjectTypeValidation::test_invalid_types PASSED [ 90%]
tests/test_unit_storage_utils.py::TestObjectTypeValidation::test_empty_string_invalid PASSED [ 90%]
tests/test_unit_storage_utils.py::TestObjectTypeValidation::test_whitespace_invalid PASSED [ 91%]
tests/test_unit_storage_utils.py::TestParseStoragePath::test_object_path PASSED [ 91%]
tests/test_unit_storage_utils.py::TestParseStoragePath::test_snapshot_path PASSED [ 91%]
tests/test_unit_storage_utils.py::TestParseStoragePath::test_dedup_path_global PASSED [ 92%]
tests/test_unit_storage_utils.py::TestParseStoragePath::test_dedup_path_project_scoped PASSED [ 92%]
tests/test_unit_storage_utils.py::TestParseStoragePath::test_too_short_path_raises PASSED [ 92%]
tests/test_unit_storage_utils.py::TestParseStoragePath::test_non_projects_prefix_returns_empty PASSED [ 93%]
tests/test_unit_storage_utils.py::TestFormatFileSize::test_zero_bytes PASSED [ 93%]
tests/test_unit_storage_utils.py::TestFormatFileSize::test_bytes PASSED  [ 93%]
tests/test_unit_storage_utils.py::TestFormatFileSize::test_kilobytes PASSED [ 94%]
tests/test_unit_storage_utils.py::TestFormatFileSize::test_megabytes PASSED [ 94%]
tests/test_unit_storage_utils.py::TestFormatFileSize::test_gigabytes PASSED [ 94%]
tests/test_unit_storage_utils.py::TestFormatFileSize::test_terabytes PASSED [ 95%]
tests/test_unit_storage_utils.py::TestFormatFileSize::test_fractional PASSED [ 95%]
tests/test_unit_storage_utils.py::TestFormatFileSize::test_one_byte PASSED [ 95%]
tests/test_unit_storage_utils.py::TestValidateJsonData::test_valid_minimal PASSED [ 95%]
tests/test_unit_storage_utils.py::TestValidateJsonData::test_valid_with_extras PASSED [ 96%]
tests/test_unit_storage_utils.py::TestValidateJsonData::test_missing_object_name PASSED [ 96%]
tests/test_unit_storage_utils.py::TestValidateJsonData::test_missing_object_type PASSED [ 96%]
tests/test_unit_storage_utils.py::TestValidateJsonData::test_empty_dict PASSED [ 97%]
tests/test_unit_storage_utils.py::TestValidateJsonData::test_non_dict_input PASSED [ 97%]
tests/test_unit_storage_utils.py::TestValidateJsonData::test_invalid_object_type PASSED [ 97%]
tests/test_unit_storage_utils.py::TestValidateJsonData::test_numeric_object_name_fails PASSED [ 98%]
tests/test_unit_storage_utils.py::TestCreateMetadata::test_basic PASSED  [ 98%]
tests/test_unit_storage_utils.py::TestCreateMetadata::test_with_kwargs PASSED [ 98%]
tests/test_unit_storage_utils.py::TestCreateMetadata::test_all_types PASSED [ 99%]
tests/test_users_datetime_utils.py::test_to_utc_naive_keeps_naive_values PASSED [ 99%]
tests/test_users_datetime_utils.py::test_to_utc_naive_converts_aware_values_to_utc_naive PASSED [ 99%]
tests/test_users_datetime_utils.py::test_to_utc_naive_handles_none PASSED [100%]

=================================== FAILURES ===================================
____________ test_delete_project_data_executes_expected_sql_and_pid ____________

monkeypatch = <_pytest.monkeypatch.MonkeyPatch object at 0x10e603c20>

    @pytest.mark.asyncio
    async def test_delete_project_data_executes_expected_sql_and_pid(monkeypatch):
        """Deletion should run cleanup first, then issue all expected SQL statements."""
        fake_db = AsyncMock()
        project_id = uuid4()
    
        cleanup_mock = AsyncMock()
        monkeypatch.setattr("utils.project_utils.cleanup_project_s3", cleanup_mock)
    
        await delete_project_data(fake_db, project_id)
    
        cleanup_mock.assert_awaited_once_with(fake_db, project_id)
    
        executed_sql = [str(args[0]) for args, _kwargs in fake_db.execute.await_args_list]
    
>       assert len(executed_sql) == 10
E       AssertionError: assert 13 == 10
E        +  where 13 = len(['UPDATE commits SET parent_commit_id = NULL WHERE project_id = :pid', 'UPDATE branches SET head_commit_id = NULL WHERE project_id = :pid', 'UPDATE branches SET parent_branch_id = NULL WHERE project_id = :pid', 'UPDATE blender_objects SET parent_object_id = NULL WHERE commit_id IN (SELECT commit_id FROM commits WHERE project_id = :pid)', 'DELETE FROM blender_objects WHERE commit_id IN (SELECT commit_id FROM commits WHERE project_id = :pid)', 'DELETE FROM object_locks WHERE project_id = :pid', ...])

tests/test_unit_project_utils.py:31: AssertionError
_________________ test_commit_create_request_requires_objects __________________

    def test_commit_create_request_requires_objects():
        payload = {
            "commit_message": "test commit",
            "objects": [],
        }
>       c = CommitCreateRequest(**payload)
            ^^^^^^^^^^^^^^^^^^^^^^^^^^^^^^
E       pydantic_core._pydantic_core.ValidationError: 1 validation error for CommitCreateRequest
E       branch_id
E         Field required [type=missing, input_value={'commit_message': 'test commit', 'objects': []}, input_type=dict]
E           For further information visit https://errors.pydantic.dev/2.12/v/missing

tests/test_unit_schemas.py:21: ValidationError
=========================== short test summary info ============================
FAILED tests/test_unit_project_utils.py::test_delete_project_data_executes_expected_sql_and_pid
FAILED tests/test_unit_schemas.py::test_commit_create_request_requires_objects
======================== 2 failed, 319 passed in 55.12s ========================
